circle.obj : error LNK2019: unresolved external symbol "__declspec(dllimport) public: void __cdecl sf::Transformable::setPosition(class sf::Vector2<float> const &)" (__imp_?setPosition@Transformable@sf@@QEAAXAEBV?$Vector2@M@2@@Z) referenced in function "public: __cdecl Circle::Circle(class sf::Vector2<float>,float,class std::basic_string<char,struct std::char_traits<char>,class std::allocator<char> >)" (??0Circle@@QEAA@V?$Vector2@M@sf@@MV?$basic_string@DU?$char_traits@D@std@@V?$allocator@D@2@@std@@@Z)
picture.obj : error LNK2001: unresolved external symbol "__declspec(dllimport) public: void __cdecl sf::Transformable::setPosition(class sf::Vector2<float> const &)" (__imp_?setPosition@Transformable@sf@@QEAAXAEBV?$Vector2@M@2@@Z)
Player_Hitbox.obj : error LNK2001: unresolved external symbol "__declspec(dllimport) public: void __cdecl sf::Transformable::setPosition(class sf::Vector2<float> const &)" (__imp_?setPosition@Transformable@sf@@QEAAXAEBV?$Vector2@M@2@@Z)
rectangle.obj : error LNK2001: unresolved external symbol "__declspec(dllimport) public: void __cdecl sf::Transformable::setPosition(class sf::Vector2<float> const &)" (__imp_?setPosition@Transformable@sf@@QEAAXAEBV?$Vector2@M@2@@Z)
circle.obj : error LNK2019: unresolved external symbol "__declspec(dllimport) public: __cdecl sf::Color::Color(unsigned char,unsigned char,unsigned char,unsigned char)" (__imp_??0Color@sf@@QEAA@EEEE@Z) referenced in function "public: __cdecl Circle::Circle(class sf::Vector2<float>,float,class std::basic_string<char,struct std::char_traits<char>,class std::allocator<char> >)" (??0Circle@@QEAA@V?$Vector2@M@sf@@MV?$basic_string@DU?$char_traits@D@std@@V?$allocator@D@2@@std@@@Z)
main.obj : error LNK2001: unresolved external symbol "__declspec(dllimport) public: __cdecl sf::Color::Color(unsigned char,unsigned char,unsigned char,unsigned char)" (__imp_??0Color@sf@@QEAA@EEEE@Z)
rectangle.obj : error LNK2001: unresolved external symbol "__declspec(dllimport) public: __cdecl sf::Color::Color(unsigned char,unsigned char,unsigned char,unsigned char)" (__imp_??0Color@sf@@QEAA@EEEE@Z)
circle.obj : error LNK2019: unresolved external symbol "__declspec(dllimport) public: void __cdecl sf::Shape::setFillColor(class sf::Color const &)" (__imp_?setFillColor@Shape@sf@@QEAAXAEBVColor@2@@Z) referenced in function "public: __cdecl Circle::Circle(class sf::Vector2<float>,float,class std::basic_string<char,struct std::char_traits<char>,class std::allocator<char> >)" (??0Circle@@QEAA@V?$Vector2@M@sf@@MV?$basic_string@DU?$char_traits@D@std@@V?$allocator@D@2@@std@@@Z)
rectangle.obj : error LNK2001: unresolved external symbol "__declspec(dllimport) public: void __cdecl sf::Shape::setFillColor(class sf::Color const &)" (__imp_?setFillColor@Shape@sf@@QEAAXAEBVColor@2@@Z)
circle.obj : error LNK2019: unresolved external symbol "__declspec(dllimport) public: __cdecl sf::CircleShape::CircleShape(float,unsigned __int64)" (__imp_??0CircleShape@sf@@QEAA@M_K@Z) referenced in function "public: __cdecl Circle::Circle(class sf::Vector2<float>,float,class std::basic_string<char,struct std::char_traits<char>,class std::allocator<char> >)" (??0Circle@@QEAA@V?$Vector2@M@sf@@MV?$basic_string@DU?$char_traits@D@std@@V?$allocator@D@2@@std@@@Z)
circle.obj : error LNK2019: unresolved external symbol "__declspec(dllimport) public: void __cdecl sf::CircleShape::setRadius(float)" (__imp_?setRadius@CircleShape@sf@@QEAAXM@Z) referenced in function "public: __cdecl Circle::Circle(class sf::Vector2<float>,float,class std::basic_string<char,struct std::char_traits<char>,class std::allocator<char> >)" (??0Circle@@QEAA@V?$Vector2@M@sf@@MV?$basic_string@DU?$char_traits@D@std@@V?$allocator@D@2@@std@@@Z)
circle.obj : error LNK2019: unresolved external symbol "__declspec(dllimport) public: virtual __cdecl sf::CircleShape::~CircleShape(void)" (__imp_??1CircleShape@sf@@UEAA@XZ) referenced in function "int `public: __cdecl Circle::Circle(class sf::Vector2<float>,float,class std::basic_string<char,struct std::char_traits<char>,class std::allocator<char> >)'::`1'::dtor$4" (?dtor$4@?0???0Circle@@QEAA@V?$Vector2@M@sf@@MV?$basic_string@DU?$char_traits@D@std@@V?$allocator@D@2@@std@@@Z@4HA)
rectangle.obj : error LNK2001: unresolved external symbol "__declspec(dllimport) public: virtual __cdecl sf::RectangleShape::~RectangleShape(void)" (__imp_??1RectangleShape@sf@@UEAA@XZ)
circle.obj : error LNK2001: unresolved external symbol "__declspec(dllimport) public: virtual __cdecl sf::RectangleShape::~RectangleShape(void)" (__imp_??1RectangleShape@sf@@UEAA@XZ)
main.obj : error LNK2001: unresolved external symbol "__declspec(dllimport) public: virtual __cdecl sf::RectangleShape::~RectangleShape(void)" (__imp_??1RectangleShape@sf@@UEAA@XZ)
picture.obj : error LNK2001: unresolved external symbol "__declspec(dllimport) public: virtual __cdecl sf::RectangleShape::~RectangleShape(void)" (__imp_??1RectangleShape@sf@@UEAA@XZ)
Player_Hitbox.obj : error LNK2001: unresolved external symbol "__declspec(dllimport) public: virtual __cdecl sf::RectangleShape::~RectangleShape(void)" (__imp_??1RectangleShape@sf@@UEAA@XZ)
circle.obj : error LNK2019: unresolved external symbol "__declspec(dllimport) public: void __cdecl sf::RenderTarget::draw(class sf::Drawable const &,class sf::RenderStates const &)" (__imp_?draw@RenderTarget@sf@@QEAAXAEBVDrawable@2@AEBVRenderStates@2@@Z) referenced in function "public: virtual void __cdecl Circle::drawable_draw(class sf::RenderWindow &)" (?drawable_draw@Circle@@UEAAXAEAVRenderWindow@sf@@@Z)
picture.obj : error LNK2001: unresolved external symbol "__declspec(dllimport) public: void __cdecl sf::RenderTarget::draw(class sf::Drawable const &,class sf::RenderStates const &)" (__imp_?draw@RenderTarget@sf@@QEAAXAEBVDrawable@2@AEBVRenderStates@2@@Z)
Player_Hitbox.obj : error LNK2001: unresolved external symbol "__declspec(dllimport) public: void __cdecl sf::RenderTarget::draw(class sf::Drawable const &,class sf::RenderStates const &)" (__imp_?draw@RenderTarget@sf@@QEAAXAEBVDrawable@2@AEBVRenderStates@2@@Z)
rectangle.obj : error LNK2001: unresolved external symbol "__declspec(dllimport) public: void __cdecl sf::RenderTarget::draw(class sf::Drawable const &,class sf::RenderStates const &)" (__imp_?draw@RenderTarget@sf@@QEAAXAEBVDrawable@2@AEBVRenderStates@2@@Z)
circle.obj : error LNK2001: unresolved external symbol "__declspec(dllimport) public: static class sf::RenderStates const sf::RenderStates::Default" (__imp_?Default@RenderStates@sf@@2V12@B)
picture.obj : error LNK2001: unresolved external symbol "__declspec(dllimport) public: static class sf::RenderStates const sf::RenderStates::Default" (__imp_?Default@RenderStates@sf@@2V12@B)
Player_Hitbox.obj : error LNK2001: unresolved external symbol "__declspec(dllimport) public: static class sf::RenderStates const sf::RenderStates::Default" (__imp_?Default@RenderStates@sf@@2V12@B)
rectangle.obj : error LNK2001: unresolved external symbol "__declspec(dllimport) public: static class sf::RenderStates const sf::RenderStates::Default" (__imp_?Default@RenderStates@sf@@2V12@B)
drawable.obj : error LNK2019: unresolved external symbol "__declspec(dllimport) public: __cdecl sf::RectangleShape::RectangleShape(class sf::Vector2<float> const &)" (__imp_??0RectangleShape@sf@@QEAA@AEBV?$Vector2@M@1@@Z) referenced in function "public: __cdecl Drawable::Drawable(class sf::Vector2<float>,class sf::Vector2<float>,class std::basic_string<char,struct std::char_traits<char>,class std::allocator<char> >,class std::basic_string<char,struct std::char_traits<char>,class std::allocator<char> >)" (??0Drawable@@QEAA@V?$Vector2@M@sf@@0V?$basic_string@DU?$char_traits@D@std@@V?$allocator@D@2@@std@@1@Z)
Player_Hitbox.obj : error LNK2001: unresolved external symbol "__declspec(dllimport) public: __cdecl sf::RectangleShape::RectangleShape(class sf::Vector2<float> const &)" (__imp_??0RectangleShape@sf@@QEAA@AEBV?$Vector2@M@1@@Z)
rectangle.obj : error LNK2001: unresolved external symbol "__declspec(dllimport) public: __cdecl sf::RectangleShape::RectangleShape(class sf::Vector2<float> const &)" (__imp_??0RectangleShape@sf@@QEAA@AEBV?$Vector2@M@1@@Z)
main.obj : error LNK2019: unresolved external symbol "__declspec(dllimport) class sf::Time __cdecl sf::milliseconds(int)" (__imp_?milliseconds@sf@@YA?AVTime@1@H@Z) referenced in function "public: void __cdecl Game::game_select(class sf::Vector2<float>)" (?game_select@Game@@QEAAXV?$Vector2@M@sf@@@Z)
main.obj : error LNK2019: unresolved external symbol "__declspec(dllimport) void __cdecl sf::sleep(class sf::Time)" (__imp_?sleep@sf@@YAXVTime@1@@Z) referenced in function "public: void __cdecl Game::game_select(class sf::Vector2<float>)" (?game_select@Game@@QEAAXV?$Vector2@M@sf@@@Z)
main.obj : error LNK2019: unresolved external symbol "__declspec(dllimport) public: __cdecl sf::String::String(char const *,class std::locale const &)" (__imp_??0String@sf@@QEAA@PEBDAEBVlocale@std@@@Z) referenced in function main
main.obj : error LNK2019: unresolved external symbol "__declspec(dllimport) public: __cdecl sf::String::~String(void)" (__imp_??1String@sf@@QEAA@XZ) referenced in function main
main.obj : error LNK2019: unresolved external symbol "__declspec(dllimport) public: static bool __cdecl sf::Keyboard::isKeyPressed(enum sf::Keyboard::Key)" (__imp_?isKeyPressed@Keyboard@sf@@SA_NW4Key@12@@Z) referenced in function "public: void __cdecl Player::player_input(class sf::Event)" (?player_input@Player@@QEAAXVEvent@sf@@@Z)
main.obj : error LNK2019: unresolved external symbol "__declspec(dllimport) public: static bool __cdecl sf::Mouse::isButtonPressed(enum sf::Mouse::Button)" (__imp_?isButtonPressed@Mouse@sf@@SA_NW4Button@12@@Z) referenced in function "public: void __cdecl Game::game_get_input(void)" (?game_get_input@Game@@QEAAXXZ)
main.obj : error LNK2019: unresolved external symbol "__declspec(dllimport) public: static class sf::Vector2<int> __cdecl sf::Mouse::getPosition(class sf::Window const &)" (__imp_?getPosition@Mouse@sf@@SA?AV?$Vector2@H@2@AEBVWindow@2@@Z) referenced in function "public: void __cdecl Game::game_get_input(void)" (?game_get_input@Game@@QEAAXXZ)
main.obj : error LNK2019: unresolved external symbol "__declspec(dllimport) public: __cdecl sf::VideoMode::VideoMode(unsigned int,unsigned int,unsigned int)" (__imp_??0VideoMode@sf@@QEAA@III@Z) referenced in function main
main.obj : error LNK2019: unresolved external symbol "__declspec(dllimport) public: void __cdecl sf::Window::close(void)" (__imp_?close@Window@sf@@QEAAXXZ) referenced in function "public: void __cdecl Game::game_get_input(void)" (?game_get_input@Game@@QEAAXXZ)
main.obj : error LNK2019: unresolved external symbol "__declspec(dllimport) public: bool __cdecl sf::Window::isOpen(void)const " (__imp_?isOpen@Window@sf@@QEBA_NXZ) referenced in function main
main.obj : error LNK2019: unresolved external symbol "__declspec(dllimport) public: bool __cdecl sf::Window::pollEvent(class sf::Event &)" (__imp_?pollEvent@Window@sf@@QEAA_NAEAVEvent@2@@Z) referenced in function "public: void __cdecl Game::game_get_input(void)" (?game_get_input@Game@@QEAAXXZ)
main.obj : error LNK2019: unresolved external symbol "__declspec(dllimport) public: void __cdecl sf::Window::setFramerateLimit(unsigned int)" (__imp_?setFramerateLimit@Window@sf@@QEAAXI@Z) referenced in function main
main.obj : error LNK2019: unresolved external symbol "__declspec(dllimport) public: void __cdecl sf::Window::display(void)" (__imp_?display@Window@sf@@QEAAXXZ) referenced in function "public: void __cdecl Game::game_draw(void)" (?game_draw@Game@@QEAAXXZ)
main.obj : error LNK2019: unresolved external symbol "__declspec(dllimport) public: void __cdecl sf::RenderTarget::clear(class sf::Color const &)" (__imp_?clear@RenderTarget@sf@@QEAAXAEBVColor@2@@Z) referenced in function "public: void __cdecl Game::game_draw(void)" (?game_draw@Game@@QEAAXXZ)
main.obj : error LNK2019: unresolved external symbol "__declspec(dllimport) public: __cdecl sf::RenderWindow::RenderWindow(class sf::VideoMode,class sf::String const &,unsigned int,struct sf::ContextSettings const &)" (__imp_??0RenderWindow@sf@@QEAA@VVideoMode@1@AEBVString@1@IAEBUContextSettings@1@@Z) referenced in function main
main.obj : error LNK2019: unresolved external symbol "__declspec(dllimport) public: virtual __cdecl sf::RenderWindow::~RenderWindow(void)" (__imp_??1RenderWindow@sf@@UEAA@XZ) referenced in function main
picture.obj : error LNK2019: unresolved external symbol "__declspec(dllimport) public: void __cdecl sf::Transformable::setScale(class sf::Vector2<float> const &)" (__imp_?setScale@Transformable@sf@@QEAAXAEBV?$Vector2@M@2@@Z) referenced in function "public: void __cdecl Picture::picture_set_size(class sf::Vector2<float>)" (?picture_set_size@Picture@@QEAAXV?$Vector2@M@sf@@@Z)
picture.obj : error LNK2019: unresolved external symbol "__declspec(dllimport) public: class sf::Vector2<float> const & __cdecl sf::Transformable::getScale(void)const " (__imp_?getScale@Transformable@sf@@QEBAAEBV?$Vector2@M@2@XZ) referenced in function "public: void __cdecl Picture::picture_set_size(class sf::Vector2<float>)" (?picture_set_size@Picture@@QEAAXV?$Vector2@M@sf@@@Z)
picture.obj : error LNK2019: unresolved external symbol "__declspec(dllimport) public: __cdecl sf::Texture::Texture(void)" (__imp_??0Texture@sf@@QEAA@XZ) referenced in function "public: __cdecl Picture::Picture(class sf::Vector2<float>,class sf::Vector2<float>,class std::basic_string<char,struct std::char_traits<char>,class std::allocator<char> >)" (??0Picture@@QEAA@V?$Vector2@M@sf@@0V?$basic_string@DU?$char_traits@D@std@@V?$allocator@D@2@@std@@@Z)
picture.obj : error LNK2019: unresolved external symbol "__declspec(dllimport) public: __cdecl sf::Texture::~Texture(void)" (__imp_??1Texture@sf@@QEAA@XZ) referenced in function "int `public: __cdecl Picture::Picture(class sf::Vector2<float>,class sf::Vector2<float>,class std::basic_string<char,struct std::char_traits<char>,class std::allocator<char> >)'::`1'::dtor$5" (?dtor$5@?0???0Picture@@QEAA@V?$Vector2@M@sf@@0V?$basic_string@DU?$char_traits@D@std@@V?$allocator@D@2@@std@@@Z@4HA)
picture.obj : error LNK2019: unresolved external symbol "__declspec(dllimport) public: bool __cdecl sf::Texture::loadFromFile(class std::basic_string<char,struct std::char_traits<char>,class std::allocator<char> > const &,class sf::Rect<int> const &)" (__imp_?loadFromFile@Texture@sf@@QEAA_NAEBV?$basic_string@DU?$char_traits@D@std@@V?$allocator@D@2@@std@@AEBV?$Rect@H@2@@Z) referenced in function "public: __cdecl Picture::Picture(class sf::Vector2<float>,class sf::Vector2<float>,class std::basic_string<char,struct std::char_traits<char>,class std::allocator<char> >)" (??0Picture@@QEAA@V?$Vector2@M@sf@@0V?$basic_string@DU?$char_traits@D@std@@V?$allocator@D@2@@std@@@Z)
picture.obj : error LNK2019: unresolved external symbol "__declspec(dllimport) public: class sf::Vector2<unsigned int> __cdecl sf::Texture::getSize(void)const " (__imp_?getSize@Texture@sf@@QEBA?AV?$Vector2@I@2@XZ) referenced in function "public: void __cdecl Picture::picture_set_size(class sf::Vector2<float>)" (?picture_set_size@Picture@@QEAAXV?$Vector2@M@sf@@@Z)
picture.obj : error LNK2019: unresolved external symbol "__declspec(dllimport) public: __cdecl sf::Sprite::Sprite(void)" (__imp_??0Sprite@sf@@QEAA@XZ) referenced in function "public: __cdecl Picture::Picture(class sf::Vector2<float>,class sf::Vector2<float>,class std::basic_string<char,struct std::char_traits<char>,class std::allocator<char> >)" (??0Picture@@QEAA@V?$Vector2@M@sf@@0V?$basic_string@DU?$char_traits@D@std@@V?$allocator@D@2@@std@@@Z)
picture.obj : error LNK2019: unresolved external symbol "__declspec(dllimport) public: void __cdecl sf::Sprite::setTexture(class sf::Texture const &,bool)" (__imp_?setTexture@Sprite@sf@@QEAAXAEBVTexture@2@_N@Z) referenced in function "public: __cdecl Picture::Picture(class sf::Vector2<float>,class sf::Vector2<float>,class std::basic_string<char,struct std::char_traits<char>,class std::allocator<char> >)" (??0Picture@@QEAA@V?$Vector2@M@sf@@0V?$basic_string@DU?$char_traits@D@std@@V?$allocator@D@2@@std@@@Z)
picture.obj : error LNK2019: unresolved external symbol "__declspec(dllimport) public: virtual __cdecl sf::Sprite::~Sprite(void)" (__imp_??1Sprite@sf@@UEAA@XZ) referenced in function "int `public: __cdecl Picture::Picture(class sf::Vector2<float>,class sf::Vector2<float>,class std::basic_string<char,struct std::char_traits<char>,class std::allocator<char> >)'::`1'::dtor$4" (?dtor$4@?0???0Picture@@QEAA@V?$Vector2@M@sf@@0V?$basic_string@DU?$char_traits@D@std@@V?$allocator@D@2@@std@@@Z@4HA)
Player_Hitbox.obj : error LNK2019: unresolved external symbol "__declspec(dllimport) public: void __cdecl sf::Shape::setOutlineThickness(float)" (__imp_?setOutlineThickness@Shape@sf@@QEAAXM@Z) referenced in function "public: __cdecl Player_Hitbox::Player_Hitbox(class sf::Vector2<float>,class sf::Vector2<float>)" (??0Player_Hitbox@@QEAA@V?$Vector2@M@sf@@0@Z)
Player_Hitbox.obj : error LNK2019: unresolved external symbol "__declspec(dllimport) public: class sf::Rect<float> __cdecl sf::Shape::getGlobalBounds(void)const " (__imp_?getGlobalBounds@Shape@sf@@QEBA?AV?$Rect@M@2@XZ) referenced in function "public: bool __cdecl Player_Hitbox::Player_Hitbox_bottom_side_intersect(class sf::Rect<float>)" (?Player_Hitbox_bottom_side_intersect@Player_Hitbox@@QEAA_NV?$Rect@M@sf@@@Z)
rectangle.obj : error LNK2019: unresolved external symbol "__declspec(dllimport) public: void __cdecl sf::RectangleShape::setSize(class sf::Vector2<float> const &)" (__imp_?setSize@RectangleShape@sf@@QEAAXAEBV?$Vector2@M@2@@Z) referenced in function "public: __cdecl Rectangle::Rectangle(class sf::Vector2<float>,class sf::Vector2<float>,class std::basic_string<char,struct std::char_traits<char>,class std::allocator<char> >)" (??0Rectangle@@QEAA@V?$Vector2@M@sf@@0V?$basic_string@DU?$char_traits@D@std@@V?$allocator@D@2@@std@@@Z)
D:\Dev\SFML-2.5.1\lib\sfml-graphics-s-d.lib : warning LNK4272: library machine type 'x86' conflicts with target machine type 'x64'
D:\Dev\SFML-2.5.1\lib\sfml-window-s-d.lib : warning LNK4272: library machine type 'x86' conflicts with target machine type 'x64'
D:\Dev\SFML-2.5.1\lib\sfml-audio-s-d.lib : warning LNK4272: library machine type 'x86' conflicts with target machine type 'x64'
D:\Dev\SFML-2.5.1\lib\sfml-system-s-d.lib : warning LNK4272: library machine type 'x86' conflicts with target machine type 'x64'
D:\Dev\SFML-2.5.1\lib\sfml-network-s-d.lib : warning LNK4272: library machine type 'x86' conflicts with target machine type 'x64'
D:\Dev\SFML-2.5.1\lib\freetype.lib : warning LNK4272: library machine type 'x86' conflicts with target machine type 'x64'
D:\Dev\SFML-2.5.1\lib\flac.lib : warning LNK4272: library machine type 'x86' conflicts with target machine type 'x64'
D:\Dev\SFML-2.5.1\lib\vorbisenc.lib : warning LNK4272: library machine type 'x86' conflicts with target machine type 'x64'
D:\Dev\SFML-2.5.1\lib\vorbisfile.lib : warning LNK4272: library machine type 'x86' conflicts with target machine type 'x64'
D:\Dev\SFML-2.5.1\lib\vorbis.lib : warning LNK4272: library machine type 'x86' conflicts with target machine type 'x64'
D:\Dev\SFML-2.5.1\lib\ogg.lib : warning LNK4272: library machine type 'x86' conflicts with target machine type 'x64'
D:\Dev\Epic-Game-Project\Project Op Windows\x64\Debug\cpse2 week 3 solution.exe : fatal error LNK1120: 38 unresolved externals
